#
# There is insufficient memory for the Java Runtime Environment to continue.
# Native memory allocation (malloc) failed to allocate 571312 bytes for Chunk::new
# Possible reasons:
#   The system is out of physical RAM or swap space
#   The process is running with CompressedOops enabled, and the Java Heap may be blocking the growth of the native heap
# Possible solutions:
#   Reduce memory load on the system
#   Increase physical memory or swap space
#   Check if swap backing store is full
#   Decrease Java heap size (-Xmx/-Xms)
#   Decrease number of Java threads
#   Decrease Java thread stack sizes (-Xss)
#   Set larger code cache with -XX:ReservedCodeCacheSize=
#   JVM is running with Unscaled Compressed Oops mode in which the Java heap is
#     placed in the first 4GB address space. The Java Heap base address is the
#     maximum limit for the native heap growth. Please use -XX:HeapBaseMinAddress
#     to set the Java Heap base and to place the Java Heap above 4GB virtual address.
# This output file may be truncated or incomplete.
#
#  Out of Memory Error (arena.cpp:189), pid=11796, tid=11472
#
# JRE version: Java(TM) SE Runtime Environment (17.0.1+12) (build 17.0.1+12-LTS-39)
# Java VM: Java HotSpot(TM) 64-Bit Server VM (17.0.1+12-LTS-39, mixed mode, sharing, tiered, compressed oops, compressed class ptrs, g1 gc, windows-amd64)
# No core dump will be written. Minidumps are not enabled by default on client versions of Windows
#

---------------  S U M M A R Y ------------

Command Line: -Xmx64m -Xms64m -Dorg.gradle.appname=gradlew org.gradle.wrapper.GradleWrapperMain build

Host: Intel(R) Core(TM) i3-10110U CPU @ 2.10GHz, 4 cores, 3G,  Windows 10 , 64 bit Build 26100 (10.0.26100.3037)
Time: Wed Feb 12 03:43:35 2025 India Standard Time elapsed time: 285.059493 seconds (0d 0h 4m 45s)

---------------  T H R E A D  ---------------

Current thread (0x0000014ab0d04fc0):  JavaThread "C2 CompilerThread0" daemon [_thread_in_native, id=11472, stack(0x00000013b4000000,0x00000013b4100000)]


Current CompileTask:
C2: 285059 1934       4       org.gradle.internal.logging.console.DefaultWorkInProgressFormatter::format (102 bytes)

Stack: [0x00000013b4000000,0x00000013b4100000]
Native frames: (J=compiled Java code, j=interpreted, Vv=VM code, C=native code)
V  [jvm.dll+0x66fa1a]
V  [jvm.dll+0x7ce5a4]
V  [jvm.dll+0x7cfd4e]
V  [jvm.dll+0x7d03b3]
V  [jvm.dll+0x242b05]
V  [jvm.dll+0xaa05b]
V  [jvm.dll+0xaa5ec]
V  [jvm.dll+0x35fa07]
V  [jvm.dll+0x329f51]
V  [jvm.dll+0x3293fa]
V  [jvm.dll+0x215bf1]
V  [jvm.dll+0x215011]
V  [jvm.dll+0x1a168d]
V  [jvm.dll+0x224848]
V  [jvm.dll+0x2229ac]
V  [jvm.dll+0x78435b]
V  [jvm.dll+0x77e91a]
V  [jvm.dll+0x66e845]
C  [ucrtbase.dll+0x37b0]
C  [KERNEL32.DLL+0x2e8d7]
C  [ntdll.dll+0xbbf2c]


---------------  P R O C E S S  ---------------

Threads class SMR info:
_java_thread_list=0x0000014ab27ad970, length=13, elements={
0x0000014a97ea35b0, 0x0000014a97f426a0, 0x0000014a97f43600, 0x0000014a97f5d210,
0x0000014a97f5d7d0, 0x0000014a97f5dd90, 0x0000014a97f5e350, 0x0000014ab0d04fc0,
0x0000014ab0d16090, 0x0000014ab0d8f050, 0x0000014ab1868430, 0x0000014ab186ebc0,
0x0000014ab238cc10
}

Java Threads: ( => current thread )
  0x0000014a97ea35b0 JavaThread "main" [_thread_in_native, id=1660, stack(0x00000013b3300000,0x00000013b3400000)]
  0x0000014a97f426a0 JavaThread "Reference Handler" daemon [_thread_blocked, id=7908, stack(0x00000013b3a00000,0x00000013b3b00000)]
  0x0000014a97f43600 JavaThread "Finalizer" daemon [_thread_blocked, id=9648, stack(0x00000013b3b00000,0x00000013b3c00000)]
  0x0000014a97f5d210 JavaThread "Signal Dispatcher" daemon [_thread_blocked, id=7996, stack(0x00000013b3c00000,0x00000013b3d00000)]
  0x0000014a97f5d7d0 JavaThread "Attach Listener" daemon [_thread_blocked, id=9132, stack(0x00000013b3d00000,0x00000013b3e00000)]
  0x0000014a97f5dd90 JavaThread "Service Thread" daemon [_thread_blocked, id=7680, stack(0x00000013b3e00000,0x00000013b3f00000)]
  0x0000014a97f5e350 JavaThread "Monitor Deflation Thread" daemon [_thread_blocked, id=8144, stack(0x00000013b3f00000,0x00000013b4000000)]
=>0x0000014ab0d04fc0 JavaThread "C2 CompilerThread0" daemon [_thread_in_native, id=11472, stack(0x00000013b4000000,0x00000013b4100000)]
  0x0000014ab0d16090 JavaThread "C1 CompilerThread0" daemon [_thread_blocked, id=284, stack(0x00000013b4100000,0x00000013b4200000)]
  0x0000014ab0d8f050 JavaThread "Sweeper thread" daemon [_thread_blocked, id=9936, stack(0x00000013b4200000,0x00000013b4300000)]
  0x0000014ab1868430 JavaThread "Notification Thread" daemon [_thread_blocked, id=15720, stack(0x00000013b4300000,0x00000013b4400000)]
  0x0000014ab186ebc0 JavaThread "Common-Cleaner" daemon [_thread_blocked, id=7504, stack(0x00000013b4500000,0x00000013b4600000)]
  0x0000014ab238cc10 JavaThread "pool-1-thread-1" [_thread_blocked, id=8872, stack(0x00000013b4a00000,0x00000013b4b00000)]

Other Threads:
  0x0000014a97f3c460 VMThread "VM Thread" [stack: 0x00000013b3900000,0x00000013b3a00000] [id=14300]
  0x0000014ab1868900 WatcherThread [stack: 0x00000013b4400000,0x00000013b4500000] [id=15680]
  0x0000014a97ec29e0 GCTaskThread "GC Thread#0" [stack: 0x00000013b3400000,0x00000013b3500000] [id=14960]
  0x0000014ab1add050 GCTaskThread "GC Thread#1" [stack: 0x00000013b4600000,0x00000013b4700000] [id=5636]
  0x0000014ab1adfed0 GCTaskThread "GC Thread#2" [stack: 0x00000013b4700000,0x00000013b4800000] [id=5544]
  0x0000014ab1ae0180 GCTaskThread "GC Thread#3" [stack: 0x00000013b4800000,0x00000013b4900000] [id=14364]
  0x0000014a97ec6080 ConcurrentGCThread "G1 Main Marker" [stack: 0x00000013b3500000,0x00000013b3600000] [id=8080]
  0x0000014a97ec8db0 ConcurrentGCThread "G1 Conc#0" [stack: 0x00000013b3600000,0x00000013b3700000] [id=3000]
  0x0000014a97f23740 ConcurrentGCThread "G1 Refine#0" [stack: 0x00000013b3700000,0x00000013b3800000] [id=8112]
  0x0000014a97f23c10 ConcurrentGCThread "G1 Service" [stack: 0x00000013b3800000,0x00000013b3900000] [id=7612]

Threads with active compile tasks:
C2 CompilerThread0   285214 1934       4       org.gradle.internal.logging.console.DefaultWorkInProgressFormatter::format (102 bytes)

VM state: not at safepoint (normal execution)

VM Mutex/Monitor currently owned by a thread: None

Heap address: 0x00000000fc000000, size: 64 MB, Compressed Oops mode: 32-bit

CDS archive(s) mapped at: [0x0000000800000000-0x0000000800bc0000-0x0000000800bc0000), size 12320768, SharedBaseAddress: 0x0000000800000000, ArchiveRelocationMode: 0.
Compressed class space mapped at: 0x0000000800c00000-0x0000000840c00000, reserved size: 1073741824
Narrow klass base: 0x0000000800000000, Narrow klass shift: 0, Narrow klass range: 0x100000000

GC Precious Log:
 CPUs: 4 total, 4 available
 Memory: 3930M
 Large Page Support: Disabled
 NUMA Support: Disabled
 Compressed Oops: Enabled (32-bit)
 Heap Region Size: 1M
 Heap Min Capacity: 64M
 Heap Initial Capacity: 64M
 Heap Max Capacity: 64M
 Pre-touch: Disabled
 Parallel Workers: 4
 Concurrent Workers: 1
 Concurrent Refinement Workers: 4
 Periodic GC: Disabled

Heap:
 garbage-first heap   total 65536K, used 43314K [0x00000000fc000000, 0x0000000100000000)
  region size 1024K, 36 young (36864K), 3 survivors (3072K)
 Metaspace       used 10086K, committed 10240K, reserved 1064960K
  class space    used 1311K, committed 1408K, reserved 1048576K

Heap Regions: E=young(eden), S=young(survivor), O=old, HS=humongous(starts), HC=humongous(continues), CS=collection set, F=free, OA=open archive, CA=closed archive, TAMS=top-at-mark-start (previous, next)
|   0|0x00000000fc000000, 0x00000000fc100000, 0x00000000fc100000|100%|HS|  |TAMS 0x00000000fc000000, 0x00000000fc000000| Complete 
|   1|0x00000000fc100000, 0x00000000fc200000, 0x00000000fc200000|100%|HC|  |TAMS 0x00000000fc100000, 0x00000000fc100000| Complete 
|   2|0x00000000fc200000, 0x00000000fc300000, 0x00000000fc300000|100%|HC|  |TAMS 0x00000000fc200000, 0x00000000fc200000| Complete 
|   3|0x00000000fc300000, 0x00000000fc400000, 0x00000000fc400000|100%|HC|  |TAMS 0x00000000fc300000, 0x00000000fc300000| Complete 
|   4|0x00000000fc400000, 0x00000000fc500000, 0x00000000fc500000|100%| O|  |TAMS 0x00000000fc400000, 0x00000000fc400000| Untracked 
|   5|0x00000000fc500000, 0x00000000fc600000, 0x00000000fc600000|100%| O|  |TAMS 0x00000000fc500000, 0x00000000fc500000| Untracked 
|   6|0x00000000fc600000, 0x00000000fc700000, 0x00000000fc700000|100%| O|  |TAMS 0x00000000fc600000, 0x00000000fc600000| Untracked 
|   7|0x00000000fc700000, 0x00000000fc74c800, 0x00000000fc800000| 29%| O|  |TAMS 0x00000000fc700000, 0x00000000fc700000| Untracked 
|   8|0x00000000fc800000, 0x00000000fc800000, 0x00000000fc900000|  0%| F|  |TAMS 0x00000000fc800000, 0x00000000fc800000| Untracked 
|   9|0x00000000fc900000, 0x00000000fc900000, 0x00000000fca00000|  0%| F|  |TAMS 0x00000000fc900000, 0x00000000fc900000| Untracked 
|  10|0x00000000fca00000, 0x00000000fca00000, 0x00000000fcb00000|  0%| F|  |TAMS 0x00000000fca00000, 0x00000000fca00000| Untracked 
|  11|0x00000000fcb00000, 0x00000000fcb00000, 0x00000000fcc00000|  0%| F|  |TAMS 0x00000000fcb00000, 0x00000000fcb00000| Untracked 
|  12|0x00000000fcc00000, 0x00000000fcc00000, 0x00000000fcd00000|  0%| F|  |TAMS 0x00000000fcc00000, 0x00000000fcc00000| Untracked 
|  13|0x00000000fcd00000, 0x00000000fcd00000, 0x00000000fce00000|  0%| F|  |TAMS 0x00000000fcd00000, 0x00000000fcd00000| Untracked 
|  14|0x00000000fce00000, 0x00000000fce00000, 0x00000000fcf00000|  0%| F|  |TAMS 0x00000000fce00000, 0x00000000fce00000| Untracked 
|  15|0x00000000fcf00000, 0x00000000fcf00000, 0x00000000fd000000|  0%| F|  |TAMS 0x00000000fcf00000, 0x00000000fcf00000| Untracked 
|  16|0x00000000fd000000, 0x00000000fd000000, 0x00000000fd100000|  0%| F|  |TAMS 0x00000000fd000000, 0x00000000fd000000| Untracked 
|  17|0x00000000fd100000, 0x00000000fd100000, 0x00000000fd200000|  0%| F|  |TAMS 0x00000000fd100000, 0x00000000fd100000| Untracked 
|  18|0x00000000fd200000, 0x00000000fd200000, 0x00000000fd300000|  0%| F|  |TAMS 0x00000000fd200000, 0x00000000fd200000| Untracked 
|  19|0x00000000fd300000, 0x00000000fd300000, 0x00000000fd400000|  0%| F|  |TAMS 0x00000000fd300000, 0x00000000fd300000| Untracked 
|  20|0x00000000fd400000, 0x00000000fd400000, 0x00000000fd500000|  0%| F|  |TAMS 0x00000000fd400000, 0x00000000fd400000| Untracked 
|  21|0x00000000fd500000, 0x00000000fd500000, 0x00000000fd600000|  0%| F|  |TAMS 0x00000000fd500000, 0x00000000fd500000| Untracked 
|  22|0x00000000fd600000, 0x00000000fd600000, 0x00000000fd700000|  0%| F|  |TAMS 0x00000000fd600000, 0x00000000fd600000| Untracked 
|  23|0x00000000fd700000, 0x00000000fd700000, 0x00000000fd800000|  0%| F|  |TAMS 0x00000000fd700000, 0x00000000fd700000| Untracked 
|  24|0x00000000fd800000, 0x00000000fd800000, 0x00000000fd900000|  0%| F|  |TAMS 0x00000000fd800000, 0x00000000fd800000| Untracked 
|  25|0x00000000fd900000, 0x00000000fd900000, 0x00000000fda00000|  0%| F|  |TAMS 0x00000000fd900000, 0x00000000fd900000| Untracked 
|  26|0x00000000fda00000, 0x00000000fda00000, 0x00000000fdb00000|  0%| F|  |TAMS 0x00000000fda00000, 0x00000000fda00000| Untracked 
|  27|0x00000000fdb00000, 0x00000000fdb00000, 0x00000000fdc00000|  0%| F|  |TAMS 0x00000000fdb00000, 0x00000000fdb00000| Untracked 
|  28|0x00000000fdc00000, 0x00000000fdc5a1b0, 0x00000000fdd00000| 35%| E|  |TAMS 0x00000000fdc00000, 0x00000000fdc00000| Complete 
|  29|0x00000000fdd00000, 0x00000000fde00000, 0x00000000fde00000|100%| E|CS|TAMS 0x00000000fdd00000, 0x00000000fdd00000| Complete 
|  30|0x00000000fde00000, 0x00000000fdf00000, 0x00000000fdf00000|100%| E|CS|TAMS 0x00000000fde00000, 0x00000000fde00000| Complete 
|  31|0x00000000fdf00000, 0x00000000fe000000, 0x00000000fe000000|100%| E|CS|TAMS 0x00000000fdf00000, 0x00000000fdf00000| Complete 
|  32|0x00000000fe000000, 0x00000000fe100000, 0x00000000fe100000|100%| E|CS|TAMS 0x00000000fe000000, 0x00000000fe000000| Complete 
|  33|0x00000000fe100000, 0x00000000fe200000, 0x00000000fe200000|100%| E|CS|TAMS 0x00000000fe100000, 0x00000000fe100000| Complete 
|  34|0x00000000fe200000, 0x00000000fe300000, 0x00000000fe300000|100%| E|CS|TAMS 0x00000000fe200000, 0x00000000fe200000| Complete 
|  35|0x00000000fe300000, 0x00000000fe400000, 0x00000000fe400000|100%| E|CS|TAMS 0x00000000fe300000, 0x00000000fe300000| Complete 
|  36|0x00000000fe400000, 0x00000000fe500000, 0x00000000fe500000|100%| E|CS|TAMS 0x00000000fe400000, 0x00000000fe400000| Complete 
|  37|0x00000000fe500000, 0x00000000fe600000, 0x00000000fe600000|100%| E|CS|TAMS 0x00000000fe500000, 0x00000000fe500000| Complete 
|  38|0x00000000fe600000, 0x00000000fe700000, 0x00000000fe700000|100%| E|CS|TAMS 0x00000000fe600000, 0x00000000fe600000| Complete 
|  39|0x00000000fe700000, 0x00000000fe800000, 0x00000000fe800000|100%| E|CS|TAMS 0x00000000fe700000, 0x00000000fe700000| Complete 
|  40|0x00000000fe800000, 0x00000000fe900000, 0x00000000fe900000|100%| E|CS|TAMS 0x00000000fe800000, 0x00000000fe800000| Complete 
|  41|0x00000000fe900000, 0x00000000fea00000, 0x00000000fea00000|100%| S|CS|TAMS 0x00000000fe900000, 0x00000000fe900000| Complete 
|  42|0x00000000fea00000, 0x00000000feb00000, 0x00000000feb00000|100%| S|CS|TAMS 0x00000000fea00000, 0x00000000fea00000| Complete 
|  43|0x00000000feb00000, 0x00000000fec00000, 0x00000000fec00000|100%| S|CS|TAMS 0x00000000feb00000, 0x00000000feb00000| Complete 
|  44|0x00000000fec00000, 0x00000000fed00000, 0x00000000fed00000|100%| E|CS|TAMS 0x00000000fec00000, 0x00000000fec00000| Complete 
|  45|0x00000000fed00000, 0x00000000fee00000, 0x00000000fee00000|100%| E|CS|TAMS 0x00000000fed00000, 0x00000000fed00000| Complete 
|  46|0x00000000fee00000, 0x00000000fef00000, 0x00000000fef00000|100%| E|CS|TAMS 0x00000000fee00000, 0x00000000fee00000| Complete 
|  47|0x00000000fef00000, 0x00000000ff000000, 0x00000000ff000000|100%| E|CS|TAMS 0x00000000fef00000, 0x00000000fef00000| Complete 
|  48|0x00000000ff000000, 0x00000000ff100000, 0x00000000ff100000|100%| E|CS|TAMS 0x00000000ff000000, 0x00000000ff000000| Complete 
|  49|0x00000000ff100000, 0x00000000ff200000, 0x00000000ff200000|100%| E|CS|TAMS 0x00000000ff100000, 0x00000000ff100000| Complete 
|  50|0x00000000ff200000, 0x00000000ff300000, 0x00000000ff300000|100%| E|CS|TAMS 0x00000000ff200000, 0x00000000ff200000| Complete 
|  51|0x00000000ff300000, 0x00000000ff400000, 0x00000000ff400000|100%| E|CS|TAMS 0x00000000ff300000, 0x00000000ff300000| Complete 
|  52|0x00000000ff400000, 0x00000000ff500000, 0x00000000ff500000|100%| E|CS|TAMS 0x00000000ff400000, 0x00000000ff400000| Complete 
|  53|0x00000000ff500000, 0x00000000ff600000, 0x00000000ff600000|100%| E|CS|TAMS 0x00000000ff500000, 0x00000000ff500000| Complete 
|  54|0x00000000ff600000, 0x00000000ff700000, 0x00000000ff700000|100%| E|CS|TAMS 0x00000000ff600000, 0x00000000ff600000| Complete 
|  55|0x00000000ff700000, 0x00000000ff800000, 0x00000000ff800000|100%| E|CS|TAMS 0x00000000ff700000, 0x00000000ff700000| Complete 
|  56|0x00000000ff800000, 0x00000000ff900000, 0x00000000ff900000|100%| E|CS|TAMS 0x00000000ff800000, 0x00000000ff800000| Complete 
|  57|0x00000000ff900000, 0x00000000ffa00000, 0x00000000ffa00000|100%| E|CS|TAMS 0x00000000ff900000, 0x00000000ff900000| Complete 
|  58|0x00000000ffa00000, 0x00000000ffb00000, 0x00000000ffb00000|100%| E|CS|TAMS 0x00000000ffa00000, 0x00000000ffa00000| Complete 
|  59|0x00000000ffb00000, 0x00000000ffc00000, 0x00000000ffc00000|100%| E|CS|TAMS 0x00000000ffb00000, 0x00000000ffb00000| Complete 
|  60|0x00000000ffc00000, 0x00000000ffd00000, 0x00000000ffd00000|100%| E|CS|TAMS 0x00000000ffc00000, 0x00000000ffc00000| Complete 
|  61|0x00000000ffd00000, 0x00000000ffe00000, 0x00000000ffe00000|100%| E|CS|TAMS 0x00000000ffd00000, 0x00000000ffd00000| Complete 
|  62|0x00000000ffe00000, 0x00000000fff00000, 0x00000000fff00000|100%| E|CS|TAMS 0x00000000ffe00000, 0x00000000ffe00000| Complete 
|  63|0x00000000fff00000, 0x0000000100000000, 0x0000000100000000|100%| E|CS|TAMS 0x00000000fff00000, 0x00000000fff00000| Complete 

Card table byte_map: [0x0000014a97620000,0x0000014a97640000] _byte_map_base: 0x0000014a96e40000

Marking Bits (Prev, Next): (CMBitMap*) 0x0000014a97ec2ff0, (CMBitMap*) 0x0000014a97ec3030
 Prev Bits: [0x0000014a97ca0000, 0x0000014a97da0000)
 Next Bits: [0x0000014aae690000, 0x0000014aae790000)

Polling page: 0x0000014a975d0000

Metaspace:

Usage:
  Non-class:      8.57 MB used.
      Class:      1.28 MB used.
       Both:      9.85 MB used.

Virtual space:
  Non-class space:       16.00 MB reserved,       8.62 MB ( 54%) committed,  2 nodes.
      Class space:        1.00 GB reserved,       1.38 MB ( <1%) committed,  1 nodes.
             Both:        1.02 GB reserved,      10.00 MB ( <1%) committed. 

Chunk freelists:
   Non-Class:  3.25 MB
       Class:  2.45 MB
        Both:  5.70 MB

MaxMetaspaceSize: unlimited
CompressedClassSpaceSize: 1.00 GB
Initial GC threshold: 21.00 MB
Current GC threshold: 21.00 MB
CDS: on
MetaspaceReclaimPolicy: balanced
 - commit_granule_bytes: 65536.
 - commit_granule_words: 8192.
 - virtual_space_node_default_size: 1048576.
 - enlarge_chunks_in_place: 1.
 - new_chunks_are_fully_committed: 0.
 - uncommit_free_chunks: 1.
 - use_allocation_guard: 0.
 - handle_deallocations: 1.


Internal statistics:

num_allocs_failed_limit: 0.
num_arena_births: 74.
num_arena_deaths: 0.
num_vsnodes_births: 3.
num_vsnodes_deaths: 0.
num_space_committed: 160.
num_space_uncommitted: 0.
num_chunks_returned_to_freelist: 0.
num_chunks_taken_from_freelist: 359.
num_chunk_merges: 0.
num_chunk_splits: 239.
num_chunks_enlarged: 193.
num_purges: 0.
num_inconsistent_stats: 0.

CodeHeap 'non-profiled nmethods': size=120000Kb used=815Kb max_used=815Kb free=119184Kb
 bounds [0x0000014aa7160000, 0x0000014aa73d0000, 0x0000014aae690000]
CodeHeap 'profiled nmethods': size=120000Kb used=3652Kb max_used=3652Kb free=116347Kb
 bounds [0x0000014a9fc30000, 0x0000014a9ffd0000, 0x0000014aa7160000]
CodeHeap 'non-nmethods': size=5760Kb used=1172Kb max_used=1198Kb free=4587Kb
 bounds [0x0000014a9f690000, 0x0000014a9f900000, 0x0000014a9fc30000]
 total_blobs=2393 nmethods=1924 adapters=381
 compilation: enabled
              stopped_count=0, restarted_count=0
 full_count=0

Compilation events (20 events):
Event: 276.181 Thread 0x0000014ab0d04fc0 nmethod 1923 0x0000014aa722ab10 code [0x0000014aa722aca0, 0x0000014aa722af98]
Event: 276.233 Thread 0x0000014ab0d04fc0 1924       4       java.util.HashMap::afterNodeRemoval (1 bytes)
Event: 276.233 Thread 0x0000014ab0d04fc0 nmethod 1924 0x0000014aa722b210 code [0x0000014aa722b380, 0x0000014aa722b3f8]
Event: 277.251 Thread 0x0000014ab0d16090 1926       3       java.nio.CharBuffer::position (8 bytes)
Event: 277.254 Thread 0x0000014ab0d16090 nmethod 1926 0x0000014a9ffbf810 code [0x0000014a9ffbf9a0, 0x0000014a9ffbfae8]
Event: 277.254 Thread 0x0000014ab0d16090 1925       3       java.nio.CharBuffer::position (6 bytes)
Event: 277.255 Thread 0x0000014ab0d16090 nmethod 1925 0x0000014a9ffbfb90 code [0x0000014a9ffbfd40, 0x0000014a9ffbfee8]
Event: 278.135 Thread 0x0000014ab0d04fc0 1927       4       java.util.concurrent.ScheduledThreadPoolExecutor$ScheduledFutureTask::getDelay (16 bytes)
Event: 278.213 Thread 0x0000014ab0d04fc0 nmethod 1927 0x0000014aa722b510 code [0x0000014aa722b6a0, 0x0000014aa722b7d8]
Event: 282.670 Thread 0x0000014ab0d04fc0 1929       4       java.util.concurrent.locks.ReentrantLock$Sync::isHeldExclusively (16 bytes)
Event: 282.671 Thread 0x0000014ab0d04fc0 nmethod 1929 0x0000014aa722b910 code [0x0000014aa722ba80, 0x0000014aa722bb38]
Event: 283.966 Thread 0x0000014ab0d16090 1930       3       org.gradle.internal.logging.text.AbstractLineChoppingStyledTextOutput$StateContext::<init> (79 bytes)
Event: 283.974 Thread 0x0000014ab0d16090 nmethod 1930 0x0000014a9ffbff90 code [0x0000014a9ffc0180, 0x0000014a9ffc0688]
Event: 283.974 Thread 0x0000014ab0d16090 1931       1       org.gradle.internal.logging.console.DefaultAnsiExecutor::access$300 (5 bytes)
Event: 283.975 Thread 0x0000014ab0d16090 nmethod 1931 0x0000014aa722bc10 code [0x0000014aa722bda0, 0x0000014aa722be58]
Event: 284.832 Thread 0x0000014ab0d16090 1932       3       com.google.common.base.Preconditions::checkPositionIndex (8 bytes)
Event: 284.833 Thread 0x0000014ab0d16090 nmethod 1932 0x0000014a9ffc0890 code [0x0000014a9ffc0a20, 0x0000014a9ffc0b48]
Event: 284.833 Thread 0x0000014ab0d16090 1933       3       com.google.common.base.Preconditions::checkPositionIndex (25 bytes)
Event: 284.836 Thread 0x0000014ab0d16090 nmethod 1933 0x0000014a9ffc0c10 code [0x0000014a9ffc0dc0, 0x0000014a9ffc1038]
Event: 284.850 Thread 0x0000014ab0d04fc0 1934       4       org.gradle.internal.logging.console.DefaultWorkInProgressFormatter::format (102 bytes)

GC Heap History (4 events):
Event: 0.948 GC heap before
{Heap before GC invocations=0 (full 0):
 garbage-first heap   total 65536K, used 12288K [0x00000000fc000000, 0x0000000100000000)
  region size 1024K, 13 young (13312K), 0 survivors (0K)
 Metaspace       used 1632K, committed 1792K, reserved 1056768K
  class space    used 152K, committed 192K, reserved 1048576K
}
Event: 0.962 GC heap after
{Heap after GC invocations=1 (full 0):
 garbage-first heap   total 65536K, used 1536K [0x00000000fc000000, 0x0000000100000000)
  region size 1024K, 2 young (2048K), 2 survivors (2048K)
 Metaspace       used 1632K, committed 1792K, reserved 1056768K
  class space    used 152K, committed 192K, reserved 1048576K
}
Event: 1.839 GC heap before
{Heap before GC invocations=1 (full 0):
 garbage-first heap   total 65536K, used 23040K [0x00000000fc000000, 0x0000000100000000)
  region size 1024K, 20 young (20480K), 2 survivors (2048K)
 Metaspace       used 2748K, committed 2944K, reserved 1056768K
  class space    used 290K, committed 384K, reserved 1048576K
}
Event: 1.846 GC heap after
{Heap after GC invocations=2 (full 0):
 garbage-first heap   total 65536K, used 10546K [0x00000000fc000000, 0x0000000100000000)
  region size 1024K, 3 young (3072K), 3 survivors (3072K)
 Metaspace       used 2748K, committed 2944K, reserved 1056768K
  class space    used 290K, committed 384K, reserved 1048576K
}

Deoptimization events (20 events):
Event: 15.432 Thread 0x0000014ab238cc10 Uncommon trap: trap_request=0xffffff45 fr.pc=0x0000014aa71edd08 relative=0x0000000000000548
Event: 15.432 Thread 0x0000014ab238cc10 Uncommon trap: reason=unstable_if action=reinterpret pc=0x0000014aa71edd08 method=java.lang.AbstractStringBuilder.putStringAt(ILjava/lang/String;II)V @ 8 c2
Event: 15.432 Thread 0x0000014ab238cc10 DEOPT PACKING pc=0x0000014aa71edd08 sp=0x00000013b4afdfe0
Event: 15.432 Thread 0x0000014ab238cc10 DEOPT UNPACKING pc=0x0000014a9f6e23a3 sp=0x00000013b4afdec0 mode 2
Event: 15.432 Thread 0x0000014ab238cc10 Uncommon trap: trap_request=0xffffff45 fr.pc=0x0000014aa71e4ea0 relative=0x0000000000000400
Event: 15.432 Thread 0x0000014ab238cc10 Uncommon trap: reason=unstable_if action=reinterpret pc=0x0000014aa71e4ea0 method=java.lang.AbstractStringBuilder.isLatin1()Z @ 10 c2
Event: 15.432 Thread 0x0000014ab238cc10 DEOPT PACKING pc=0x0000014aa71e4ea0 sp=0x00000013b4afe3a0
Event: 15.433 Thread 0x0000014ab238cc10 DEOPT UNPACKING pc=0x0000014a9f6e23a3 sp=0x00000013b4afe320 mode 2
Event: 15.433 Thread 0x0000014ab238cc10 Uncommon trap: trap_request=0xffffff45 fr.pc=0x0000014aa717b884 relative=0x0000000000000264
Event: 15.433 Thread 0x0000014ab238cc10 Uncommon trap: reason=unstable_if action=reinterpret pc=0x0000014aa717b884 method=java.lang.String.getChars(II[CI)V @ 23 c2
Event: 15.433 Thread 0x0000014ab238cc10 DEOPT PACKING pc=0x0000014aa717b884 sp=0x00000013b4afe250
Event: 15.433 Thread 0x0000014ab238cc10 DEOPT UNPACKING pc=0x0000014a9f6e23a3 sp=0x00000013b4afe210 mode 2
Event: 15.433 Thread 0x0000014ab238cc10 Uncommon trap: trap_request=0xffffff45 fr.pc=0x0000014aa7204178 relative=0x00000000000000d8
Event: 15.433 Thread 0x0000014ab238cc10 Uncommon trap: reason=unstable_if action=reinterpret pc=0x0000014aa7204178 method=sun.nio.cs.SingleByte$Encoder.encode(C)I @ 13 c2
Event: 15.433 Thread 0x0000014ab238cc10 DEOPT PACKING pc=0x0000014aa7204178 sp=0x00000013b4afdf50
Event: 15.433 Thread 0x0000014ab238cc10 DEOPT UNPACKING pc=0x0000014a9f6e23a3 sp=0x00000013b4afdee0 mode 2
Event: 196.774 Thread 0x0000014a97ea35b0 DEOPT PACKING pc=0x0000014a9fecaa4d sp=0x00000013b33fd110
Event: 196.776 Thread 0x0000014a97ea35b0 DEOPT UNPACKING pc=0x0000014a9f6e2b43 sp=0x00000013b33fc5a8 mode 0
Event: 267.375 Thread 0x0000014ab238cc10 DEOPT PACKING pc=0x0000014a9ff23fff sp=0x00000013b4afe4e0
Event: 267.380 Thread 0x0000014ab238cc10 DEOPT UNPACKING pc=0x0000014a9f6e2b43 sp=0x00000013b4afda58 mode 0

Classes unloaded (0 events):
No events

Classes redefined (0 events):
No events

Internal exceptions (20 events):
Event: 1.940 Thread 0x0000014a97ea35b0 Exception <a 'java/lang/NoSuchMethodError'{0x00000000ffca2840}: 'void java.lang.invoke.DirectMethodHandle$Holder.invokeStatic(java.lang.Object, java.lang.Object)'> (0x00000000ffca2840) 
thrown [t:\workspace\open\src\hotspot\share\interpreter\linkResolver.cpp, line 766]
Event: 1.977 Thread 0x0000014a97ea35b0 Exception <a 'java/lang/NoClassDefFoundError'{0x00000000ffb5a250}: org/slf4j/impl/StaticMarkerBinder> (0x00000000ffb5a250) 
thrown [t:\workspace\open\src\hotspot\share\classfile\systemDictionary.cpp, line 245]
Event: 2.013 Thread 0x0000014a97ea35b0 Exception <a 'java/lang/NoSuchMethodError'{0x00000000ffa396d8}: 'java.lang.Object java.lang.invoke.Invokers$Holder.invoker(java.lang.Object, java.lang.Object, java.lang.Object)'> (0x00000000ffa396d8) 
thrown [t:\workspace\open\src\hotspot\share\interpreter\linkResolver.cpp, line 766]
Event: 2.017 Thread 0x0000014a97ea35b0 Exception <a 'java/lang/NoSuchMethodError'{0x00000000ffa428b0}: 'java.lang.Object java.lang.invoke.DirectMethodHandle$Holder.invokeStatic(java.lang.Object, java.lang.Object, int)'> (0x00000000ffa428b0) 
thrown [t:\workspace\open\src\hotspot\share\interpreter\linkResolver.cpp, line 766]
Event: 2.019 Thread 0x0000014a97ea35b0 Exception <a 'java/lang/NoSuchMethodError'{0x00000000ffa4e5a0}: 'void java.lang.invoke.DelegatingMethodHandle$Holder.delegate(java.lang.Object, java.lang.Object, int, java.lang.Object)'> (0x00000000ffa4e5a0) 
thrown [t:\workspace\open\src\hotspot\share\interpreter\linkResolver.cpp, line 766]
Event: 2.019 Thread 0x0000014a97ea35b0 Exception <a 'java/lang/NoSuchMethodError'{0x00000000ffa52658}: 'int java.lang.invoke.DirectMethodHandle$Holder.invokeSpecial(java.lang.Object, java.lang.Object, java.lang.Object)'> (0x00000000ffa52658) 
thrown [t:\workspace\open\src\hotspot\share\interpreter\linkResolver.cpp, line 766]
Event: 2.023 Thread 0x0000014a97ea35b0 Exception <a 'java/lang/NoSuchMethodError'{0x00000000ffa65768}: 'java.lang.Object java.lang.invoke.Invokers$Holder.invokeExact_MT(java.lang.Object, java.lang.Object, java.lang.Object, java.lang.Object)'> (0x00000000ffa65768) 
thrown [t:\workspace\open\src\hotspot\share\interpreter\linkResolver.cpp, line 766]
Event: 2.038 Thread 0x0000014a97ea35b0 Exception <a 'java/lang/NoSuchMethodError'{0x00000000ffa9ff80}: 'java.lang.Object java.lang.invoke.DirectMethodHandle$Holder.invokeVirtual(java.lang.Object, java.lang.Object, java.lang.Object)'> (0x00000000ffa9ff80) 
thrown [t:\workspace\open\src\hotspot\share\interpreter\linkResolver.cpp, line 766]
Event: 2.173 Thread 0x0000014a97ea35b0 Exception <a 'java/lang/NoSuchMethodError'{0x00000000ff6f87a8}: 'java.lang.Object java.lang.invoke.DirectMethodHandle$Holder.newInvokeSpecial(java.lang.Object, java.lang.Object, java.lang.Object, java.lang.Object, java.lang.Object)'> (0x00000000ff6f87a8) 
thrown [t:\workspace\open\src\hotspot\share\interpreter\linkResolver.cpp, line 766]
Event: 2.232 Thread 0x0000014a97ea35b0 Exception <a 'java/lang/NoSuchMethodError'{0x00000000ff3c5ae0}: 'void java.lang.invoke.DirectMethodHandle$Holder.invokeSpecial(java.lang.Object, java.lang.Object, java.lang.Object)'> (0x00000000ff3c5ae0) 
thrown [t:\workspace\open\src\hotspot\share\interpreter\linkResolver.cpp, line 766]
Event: 2.245 Thread 0x0000014a97ea35b0 Implicit null exception at 0x0000014aa71bea0f to 0x0000014aa71bef80
Event: 2.245 Thread 0x0000014a97ea35b0 Implicit null exception at 0x0000014aa71b7d8f to 0x0000014aa71b82fc
Event: 2.266 Thread 0x0000014a97ea35b0 Exception <a 'java/lang/NoSuchMethodError'{0x00000000ff191518}: 'java.lang.Object java.lang.invoke.DirectMethodHandle$Holder.invokeStaticInit(java.lang.Object)'> (0x00000000ff191518) 
thrown [t:\workspace\open\src\hotspot\share\interpreter\linkResolver.cpp, line 766]
Event: 2.323 Thread 0x0000014a97ea35b0 Exception <a 'java/lang/NoSuchMethodError'{0x00000000ff042f48}: 'int java.lang.invoke.DirectMethodHandle$Holder.invokeVirtual(java.lang.Object, java.lang.Object, java.lang.Object)'> (0x00000000ff042f48) 
thrown [t:\workspace\open\src\hotspot\share\interpreter\linkResolver.cpp, line 766]
Event: 2.332 Thread 0x0000014a97ea35b0 Implicit null exception at 0x0000014aa71a56f2 to 0x0000014aa71a5d0c
Event: 2.333 Thread 0x0000014a97ea35b0 Implicit null exception at 0x0000014aa71b31f2 to 0x0000014aa71b380c
Event: 2.381 Thread 0x0000014a97ea35b0 Exception <a 'java/lang/NoSuchMethodError'{0x00000000feea0c00}: 'java.lang.Object java.lang.invoke.DirectMethodHandle$Holder.invokeSpecialIFC(java.lang.Object, java.lang.Object, java.lang.Object, java.lang.Object)'> (0x00000000feea0c00) 
thrown [t:\workspace\open\src\hotspot\share\interpreter\linkResolver.cpp, line 766]
Event: 2.442 Thread 0x0000014a97ea35b0 Exception <a 'java/lang/NoSuchMethodError'{0x00000000fe86ac40}: 'java.lang.Object java.lang.invoke.DirectMethodHandle$Holder.invokeStaticInit(java.lang.Object, int, int, int, int)'> (0x00000000fe86ac40) 
thrown [t:\workspace\open\src\hotspot\share\interpreter\linkResolver.cpp, line 766]
Event: 2.634 Thread 0x0000014a97ea35b0 Exception <a 'java/lang/NoSuchMethodError'{0x00000000fe707908}: 'java.lang.Object java.lang.invoke.DirectMethodHandle$Holder.invokeStaticInit(java.lang.Object, java.lang.Object, int, int, int, int)'> (0x00000000fe707908) 
thrown [t:\workspace\open\src\hotspot\share\interpreter\linkResolver.cpp, line 766]
Event: 2.732 Thread 0x0000014a97ea35b0 Exception <a 'java/lang/NoSuchMethodError'{0x00000000fe739d28}: 'void java.lang.invoke.DirectMethodHandle$Holder.invokeStatic(java.lang.Object, java.lang.Object, java.lang.Object)'> (0x00000000fe739d28) 
thrown [t:\workspace\open\src\hotspot\share\interpreter\linkResolver.cpp, line 766]

VM Operations (20 events):
Event: 249.607 Executing VM operation: Cleanup
Event: 249.607 Executing VM operation: Cleanup done
Event: 251.621 Executing VM operation: Cleanup
Event: 251.621 Executing VM operation: Cleanup done
Event: 255.644 Executing VM operation: Cleanup
Event: 255.644 Executing VM operation: Cleanup done
Event: 258.667 Executing VM operation: Cleanup
Event: 258.667 Executing VM operation: Cleanup done
Event: 263.723 Executing VM operation: Cleanup
Event: 263.723 Executing VM operation: Cleanup done
Event: 264.723 Executing VM operation: Cleanup
Event: 264.724 Executing VM operation: Cleanup done
Event: 276.868 Executing VM operation: Cleanup
Event: 276.960 Executing VM operation: Cleanup done
Event: 278.981 Executing VM operation: Cleanup
Event: 279.044 Executing VM operation: Cleanup done
Event: 283.087 Executing VM operation: Cleanup
Event: 283.087 Executing VM operation: Cleanup done
Event: 284.102 Executing VM operation: Cleanup
Event: 284.102 Executing VM operation: Cleanup done

Events (20 events):
Event: 14.614 loading class jdk/internal/logger/LazyLoggers$1
Event: 14.621 loading class jdk/internal/logger/LazyLoggers$1 done
Event: 14.621 loading class jdk/internal/logger/LazyLoggers$LazyLoggerFactories
Event: 14.622 loading class jdk/internal/logger/LazyLoggers$LazyLoggerFactories done
Event: 14.625 loading class jdk/internal/logger/LoggerFinderLoader
Event: 14.627 loading class jdk/internal/logger/LoggerFinderLoader done
Event: 14.643 loading class sun/util/logging/internal/LoggingProviderImpl$JULWrapper
Event: 14.662 loading class sun/util/logging/PlatformLogger$ConfigurableBridge$LoggerConfiguration
Event: 14.669 loading class sun/util/logging/PlatformLogger$ConfigurableBridge$LoggerConfiguration done
Event: 14.669 loading class sun/util/logging/internal/LoggingProviderImpl$JULWrapper done
Event: 14.670 loading class java/io/ObjectInputFilter
Event: 14.680 loading class java/io/ObjectInputFilter done
Event: 14.685 loading class java/io/ObjectInputFilter$Config$BuiltinFilterFactory
Event: 14.686 loading class java/io/ObjectInputFilter$Config$BuiltinFilterFactory done
Event: 14.686 loading class jdk/internal/access/JavaObjectInputFilterAccess
Event: 14.690 loading class jdk/internal/access/JavaObjectInputFilterAccess done
Event: 14.691 loading class java/lang/System$Logger$Level
Event: 14.701 loading class java/lang/System$Logger$Level done
Event: 14.702 loading class java/io/Bits
Event: 14.707 loading class java/io/Bits done


Dynamic libraries:
0x00007ff67b1c0000 - 0x00007ff67b1d0000 	C:\Program Files\Java\jdk-17.0.1\bin\java.exe
0x00007ff9b8700000 - 0x00007ff9b8963000 	C:\WINDOWS\SYSTEM32\ntdll.dll
0x00007ff9b77b0000 - 0x00007ff9b7877000 	C:\WINDOWS\System32\KERNEL32.DLL
0x00007ff9b60d0000 - 0x00007ff9b6497000 	C:\WINDOWS\System32\KERNELBASE.dll
0x00007ff9b0b20000 - 0x00007ff9b0bbc000 	C:\WINDOWS\SYSTEM32\apphelp.dll
0x00007ff9b5aa0000 - 0x00007ff9b5bec000 	C:\WINDOWS\System32\ucrtbase.dll
0x00007ff9ae1c0000 - 0x00007ff9ae1da000 	C:\Program Files\Java\jdk-17.0.1\bin\VCRUNTIME140.dll
0x00007ff9ae1e0000 - 0x00007ff9ae1f8000 	C:\Program Files\Java\jdk-17.0.1\bin\jli.dll
0x00007ff9b71d0000 - 0x00007ff9b7284000 	C:\WINDOWS\System32\ADVAPI32.dll
0x00007ff9b6960000 - 0x00007ff9b6a09000 	C:\WINDOWS\System32\msvcrt.dll
0x00007ff9b6a10000 - 0x00007ff9b6ab6000 	C:\WINDOWS\System32\sechost.dll
0x00007ff9b8450000 - 0x00007ff9b8566000 	C:\WINDOWS\System32\RPCRT4.dll
0x00007ff9b8200000 - 0x00007ff9b83c9000 	C:\WINDOWS\System32\USER32.dll
0x00007ff9b5c80000 - 0x00007ff9b5ca7000 	C:\WINDOWS\System32\win32u.dll
0x00007ff9b72a0000 - 0x00007ff9b72ca000 	C:\WINDOWS\System32\GDI32.dll
0x00007ff9b5fa0000 - 0x00007ff9b60cb000 	C:\WINDOWS\System32\gdi32full.dll
0x00007ff9b5d70000 - 0x00007ff9b5e13000 	C:\WINDOWS\System32\msvcp_win.dll
0x00007ff9b29d0000 - 0x00007ff9b29db000 	C:\WINDOWS\SYSTEM32\VERSION.dll
0x00007ff999c10000 - 0x00007ff999ea0000 	C:\WINDOWS\WinSxS\amd64_microsoft.windows.common-controls_6595b64144ccf1df_6.0.26100.3037_none_3e09262ce333c378\COMCTL32.dll
0x00007ff9b8410000 - 0x00007ff9b843f000 	C:\WINDOWS\System32\IMM32.DLL
0x00007ff9aeda0000 - 0x00007ff9aedac000 	C:\Program Files\Java\jdk-17.0.1\bin\vcruntime140_1.dll
0x00007ff985f00000 - 0x00007ff985f8d000 	C:\Program Files\Java\jdk-17.0.1\bin\msvcp140.dll
0x00007ff9713b0000 - 0x00007ff971f6e000 	C:\Program Files\Java\jdk-17.0.1\bin\server\jvm.dll
0x00007ff9b83d0000 - 0x00007ff9b83d8000 	C:\WINDOWS\System32\PSAPI.DLL
0x00007ff9aeba0000 - 0x00007ff9aebaa000 	C:\WINDOWS\SYSTEM32\WSOCK32.dll
0x00007ff9b2190000 - 0x00007ff9b21c6000 	C:\WINDOWS\SYSTEM32\WINMM.dll
0x00007ff9b6540000 - 0x00007ff9b65b4000 	C:\WINDOWS\System32\WS2_32.dll
0x00007ff9b49e0000 - 0x00007ff9b49fa000 	C:\WINDOWS\SYSTEM32\kernel.appcore.dll
0x00007ff9ae550000 - 0x00007ff9ae55a000 	C:\Program Files\Java\jdk-17.0.1\bin\jimage.dll
0x00007ff9b1690000 - 0x00007ff9b18d1000 	C:\WINDOWS\SYSTEM32\DBGHELP.DLL
0x00007ff9b65d0000 - 0x00007ff9b694e000 	C:\WINDOWS\System32\combase.dll
0x00007ff9b7c90000 - 0x00007ff9b7d66000 	C:\WINDOWS\System32\OLEAUT32.dll
0x00007ff9b1ef0000 - 0x00007ff9b1f29000 	C:\WINDOWS\SYSTEM32\dbgcore.DLL
0x00007ff9b64a0000 - 0x00007ff9b6539000 	C:\WINDOWS\System32\bcryptPrimitives.dll
0x00007ff9a9f00000 - 0x00007ff9a9f25000 	C:\Program Files\Java\jdk-17.0.1\bin\java.dll
0x00007ff9786a0000 - 0x00007ff978776000 	C:\Program Files\Java\jdk-17.0.1\bin\svml.dll
0x00007ff9b6ac0000 - 0x00007ff9b71c4000 	C:\WINDOWS\System32\SHELL32.dll
0x00007ff9b3800000 - 0x00007ff9b4037000 	C:\WINDOWS\SYSTEM32\windows.storage.dll
0x00007ff9b74f0000 - 0x00007ff9b75d9000 	C:\WINDOWS\System32\SHCORE.dll
0x00007ff9b7930000 - 0x00007ff9b798d000 	C:\WINDOWS\System32\shlwapi.dll
0x00007ff9b59b0000 - 0x00007ff9b59de000 	C:\WINDOWS\SYSTEM32\profapi.dll
0x00007ff9a9ee0000 - 0x00007ff9a9ef9000 	C:\Program Files\Java\jdk-17.0.1\bin\net.dll
0x00007ff9a7f20000 - 0x00007ff9a803e000 	C:\WINDOWS\SYSTEM32\WINHTTP.dll
0x00007ff9b4ef0000 - 0x00007ff9b4f58000 	C:\WINDOWS\system32\mswsock.dll
0x00007ff995ee0000 - 0x00007ff995ef5000 	C:\Program Files\Java\jdk-17.0.1\bin\nio.dll
0x00007ff995ec0000 - 0x00007ff995ed8000 	C:\Program Files\Java\jdk-17.0.1\bin\zip.dll
0x00007ff9ade50000 - 0x00007ff9ade60000 	C:\Program Files\Java\jdk-17.0.1\bin\verify.dll
0x00007ff98d380000 - 0x00007ff98d3a7000 	C:\Users\mypc\.gradle\native\c067742578af261105cb4f569cf0c3c89f3d7b1fecec35dd04571415982c5e48\windows-amd64\native-platform.dll
0x00007ff9b1fe0000 - 0x00007ff9b1fea000 	C:\Users\mypc\.gradle\native\jansi\1.18\windows64\jansi.dll
0x00007ff9ad0c0000 - 0x00007ff9ad0c9000 	C:\Program Files\Java\jdk-17.0.1\bin\management.dll
0x00007ff9abe20000 - 0x00007ff9abe2b000 	C:\Program Files\Java\jdk-17.0.1\bin\management_ext.dll
0x00007ff9b51a0000 - 0x00007ff9b51bc000 	C:\WINDOWS\SYSTEM32\CRYPTSP.dll
0x00007ff9b4940000 - 0x00007ff9b4978000 	C:\WINDOWS\system32\rsaenh.dll
0x00007ff9b4f90000 - 0x00007ff9b4fbb000 	C:\WINDOWS\SYSTEM32\USERENV.dll
0x00007ff9b53d0000 - 0x00007ff9b53f6000 	C:\WINDOWS\SYSTEM32\bcrypt.dll
0x00007ff9b5190000 - 0x00007ff9b519c000 	C:\WINDOWS\SYSTEM32\CRYPTBASE.dll
0x00007ff9b4340000 - 0x00007ff9b4372000 	C:\WINDOWS\SYSTEM32\IPHLPAPI.DLL
0x00007ff9b7880000 - 0x00007ff9b788a000 	C:\WINDOWS\System32\NSI.dll
0x00007ff9a8f20000 - 0x00007ff9a8f3f000 	C:\WINDOWS\SYSTEM32\dhcpcsvc6.DLL
0x00007ff9a7e40000 - 0x00007ff9a7e65000 	C:\WINDOWS\SYSTEM32\dhcpcsvc.DLL
0x00007ff9b4380000 - 0x00007ff9b44a5000 	C:\WINDOWS\SYSTEM32\DNSAPI.dll
0x00007ff9a8eb0000 - 0x00007ff9a8ebe000 	C:\Program Files\Java\jdk-17.0.1\bin\sunmscapi.dll
0x00007ff9b5e20000 - 0x00007ff9b5f96000 	C:\WINDOWS\System32\CRYPT32.dll
0x00007ff9b5390000 - 0x00007ff9b53c0000 	C:\WINDOWS\SYSTEM32\ncrypt.dll
0x00007ff9b5340000 - 0x00007ff9b537f000 	C:\WINDOWS\SYSTEM32\NTASN1.dll
0x00007ff9b2170000 - 0x00007ff9b2178000 	C:\WINDOWS\system32\wshunix.dll

dbghelp: loaded successfully - version: 4.0.5 - missing functions: none
symbol engine: initialized successfully - sym options: 0x614 - pdb path: .;C:\Program Files\Java\jdk-17.0.1\bin;C:\WINDOWS\SYSTEM32;C:\WINDOWS\WinSxS\amd64_microsoft.windows.common-controls_6595b64144ccf1df_6.0.26100.3037_none_3e09262ce333c378;C:\Program Files\Java\jdk-17.0.1\bin\server;C:\Users\mypc\.gradle\native\c067742578af261105cb4f569cf0c3c89f3d7b1fecec35dd04571415982c5e48\windows-amd64;C:\Users\mypc\.gradle\native\jansi\1.18\windows64

VM Arguments:
jvm_args: -Xmx64m -Xms64m -Dorg.gradle.appname=gradlew 
java_command: org.gradle.wrapper.GradleWrapperMain build
java_class_path (initial): C:\Users\mypc\test\vrbsvip\android\\gradle\wrapper\gradle-wrapper.jar
Launcher Type: SUN_STANDARD

[Global flags]
     intx CICompilerCount                          = 3                                         {product} {ergonomic}
     uint ConcGCThreads                            = 1                                         {product} {ergonomic}
     uint G1ConcRefinementThreads                  = 4                                         {product} {ergonomic}
   size_t G1HeapRegionSize                         = 1048576                                   {product} {ergonomic}
    uintx GCDrainStackTargetSize                   = 64                                        {product} {ergonomic}
   size_t InitialHeapSize                          = 67108864                                  {product} {command line}
   size_t MarkStackSize                            = 4194304                                   {product} {ergonomic}
   size_t MaxHeapSize                              = 67108864                                  {product} {command line}
   size_t MaxNewSize                               = 39845888                                  {product} {ergonomic}
   size_t MinHeapDeltaBytes                        = 1048576                                   {product} {ergonomic}
   size_t MinHeapSize                              = 67108864                                  {product} {command line}
    uintx NonNMethodCodeHeapSize                   = 5832780                                {pd product} {ergonomic}
    uintx NonProfiledCodeHeapSize                  = 122912730                              {pd product} {ergonomic}
    uintx ProfiledCodeHeapSize                     = 122912730                              {pd product} {ergonomic}
    uintx ReservedCodeCacheSize                    = 251658240                              {pd product} {ergonomic}
     bool SegmentedCodeCache                       = true                                      {product} {ergonomic}
   size_t SoftMaxHeapSize                          = 67108864                               {manageable} {ergonomic}
     bool UseCompressedClassPointers               = true                           {product lp64_product} {ergonomic}
     bool UseCompressedOops                        = true                           {product lp64_product} {ergonomic}
     bool UseG1GC                                  = true                                      {product} {ergonomic}
     bool UseLargePagesIndividualAllocation        = false                                  {pd product} {ergonomic}

Logging:
Log output configuration:
 #0: stdout all=warning uptime,level,tags
 #1: stderr all=off uptime,level,tags

Environment Variables:
JAVA_HOME=C:\Program Files\Java\jdk-17.0.1
CLASSPATH=C:\Users\mypc\test\vrbsvip\android\\gradle\wrapper\gradle-wrapper.jar
PATH=C:\Program Files\Common Files\Oracle\Java\javapath;C:\WINDOWS\system32;C:\WINDOWS;C:\WINDOWS\System32\Wbem;C:\WINDOWS\System32\WindowsPowerShell\v1.0\;C:\WINDOWS\System32\OpenSSH\;C:\cygnus\cygwin-b20\H-i586-cygwin32\bin;C:\src\flutter\bin;C:\Program Files\Java\jdk-17.0.1\bin;C:\Program Files\Git\cmd;C:\Program Files\MySQL\MySQL Server 8.0\bin;C:\Program Files\MongoDB\mongosh-2.0.2-win32-x64\bin;C:\Program Files\nodejs\;C:\ProgramData\chocolatey\bin;C:\Users\mypc\AppData\Local\Android\Sdk;C:\Users\mypc\AppData\Local\Android\Sdk\platform-tools;C:\Users\mypc\AppData\Local\Android\Sdk\emulator;C:\Users\mypc\AppData\Local\Android\Sdk\tools;C:\Users\mypc\AppData\Local\Android\Sdk\tools\bin;C:\Users\mypc\AppData\Local\Android\Sdk\build-tools;C:\Program Files\Java\jdk-17.0.1\bin;C:\Program Files\Common Files\Oracle\Java\javapath;C:\WINDOWS\system32;C:\WINDOWS;C:\WINDOWS\System32\Wbem;C:\WINDOWS\System32\WindowsPowerShell\v1.0\;C:\WINDOWS\System32\OpenSSH\;C:\cygnus\cygwin-b20\H-i586-cygwin32\bin;C:\src\flutter\bin;C:\Program Files\Git\cmd;C:\Program Files\MySQL\MySQL Server 8.0\bin;C:\Program Files\MongoDB\mongosh-2.0.2-win32-x64\bin;C:\Program Files\nodejs\;C:\ProgramData\chocolatey\bin;C:\Users\mypc\AppData\Local\Android\Sdk;C:\Users\mypc\AppData\Local\Android\Sdk\platform-tools;C:\Users\mypc\AppData\Local\Android\Sdk\emulator;C:\Users\mypc\AppData\Local\Android\Sdk\tools;C:\Users\mypc\AppData\Local\Android\Sdk\tools\bin;C:\Users\mypc\AppData\Local\Android\Sdk\build-tools;C:\Users\mypc\AppData\Local\Programs\Python\Python312\Scripts\;C:\Users\mypc\AppData\Local\Programs\Python\Python312\;C:\Program Files\MySQL\MySQL Shell 8.0\bin\;C:\Users\mypc\AppData\Local\Microsoft\WindowsApps;C:\Users\mypc\AppData\Local\Progr;C:\Users\mypc\AppData\Local\Programs\Microsoft VS Code\bin;C:\Program Files\Java\jdk-17.0.1\bin;
USERNAME=mypc
LANG=en_US.UTF-8
OS=Windows_NT
PROCESSOR_IDENTIFIER=Intel64 Family 6 Model 142 Stepping 12, GenuineIntel



---------------  S Y S T E M  ---------------

OS:
 Windows 10 , 64 bit Build 26100 (10.0.26100.3037)
OS uptime: 5 days 23:55 hours

CPU: total 4 (initial active 4) (2 cores per cpu, 2 threads per core) family 6 model 142 stepping 12 microcode 0xde, cx8, cmov, fxsr, ht, mmx, 3dnowpref, sse, sse2, sse3, ssse3, sse4.1, sse4.2, popcnt, lzcnt, tsc, tscinvbit, avx, avx2, aes, erms, clmul, bmi1, bmi2, adx, fma, vzeroupper, clflush, clflushopt

Memory: 4k page, system-wide physical 3930M (163M free)
TotalPageFile size 16218M (AvailPageFile size 2M)
current process WorkingSet (physical memory assigned to process): 19M, peak: 99M
current process commit charge ("private bytes"): 160M, peak: 161M

vm_info: Java HotSpot(TM) 64-Bit Server VM (17.0.1+12-LTS-39) for windows-amd64 JRE (17.0.1+12-LTS-39), built on Sep 27 2021 18:41:35 by "mach5one" with MS VC++ 16.8 (VS2019)

END.
